<?xml version="1.0" encoding="UTF-8"?>
<testsuite name="CricketLeagueTest" tests="1" skipped="1" failures="0" errors="0" timestamp="2020-10-09T08:03:45" hostname="DESKTOP-JVE4C36" time="22.851">
  <properties/>
  <testcase name="givingIPLCSVFiles_WhenSortOnBattingAndBowlingAverage_ShouldReturnSortedResult" classname="CricketLeagueTest" time="22.851">
    <skipped/>
  </testcase>
  <system-out><![CDATA[]]></system-out>
  <system-err><![CDATA[]]></system-err>
</testsuite>
