<?xml version="1.0" encoding="UTF-8"?>
<testsuite name="CricketLeagueTest" tests="18" skipped="0" failures="0" errors="0" timestamp="2020-10-09T10:32:41" hostname="DESKTOP-JVE4C36" time="3.517">
  <properties/>
  <testcase name="givingIPLRunsCSVFiles_WhenSortOnHundredsAndAverage_ShouldReturnSortedResult" classname="CricketLeagueTest" time="0.52"/>
  <testcase name="givingIPLRunsCSVFile_WhenSortOnSixesAndFoursSR_ShouldReturnSortedResult" classname="CricketLeagueTest" time="0.158"/>
  <testcase name="givingIPLWicketsCSVFile_WhenSortOnBowlingEconomyRate_ShouldReturnSortedResult" classname="CricketLeagueTest" time="0.164"/>
  <testcase name="givingIPLWicketsCSVFile_WhenSortOnBowlingStrikingRate_ShouldReturnSortedResult" classname="CricketLeagueTest" time="0.206"/>
  <testcase name="givingIPLRunsCSVFile_WhenSortOnSixes_ShouldReturnSortedResult" classname="CricketLeagueTest" time="0.152"/>
  <testcase name="givingIPLRunsCSVFile_WhenSortOnFours_ShouldReturnSortedResult" classname="CricketLeagueTest" time="0.16"/>
  <testcase name="givingIPLRunsCSVFile_WhenSortOnStrikingRate_ShouldReturnSortedResult" classname="CricketLeagueTest" time="0.186"/>
  <testcase name="givingIPLWicketsCSVFile_WhenSortOnBawlingAverage_ShouldReturnSortedResult" classname="CricketLeagueTest" time="0.163"/>
  <testcase name="givingIPLRunsCSVFile_WhenSortRunsWithAverage_ShouldReturnSortedResult" classname="CricketLeagueTest" time="0.155"/>
  <testcase name="givingIPLRunsCSVFile_WhenSortOnBattingAverage_ShouldReturnSortedResult" classname="CricketLeagueTest" time="0.143"/>
  <testcase name="givingIPLWicketsCSVFile_WhenSortOnAverageWithSR_ShouldReturnSortedResult" classname="CricketLeagueTest" time="0.151"/>
  <testcase name="givingIPLRunsCSVFile_WhenSortAverageWithSR_ShouldReturnSortedResult" classname="CricketLeagueTest" time="0.14"/>
  <testcase name="givingIPLCSVFiles_WhenSortOnBattingAndBowlingAverage_ShouldReturnSortedResult" classname="CricketLeagueTest" time="0.394"/>
  <testcase name="givingIPLRunsCSVFiles_WhenSortAverageWithout100s50s_ShouldReturnSortedResult" classname="CricketLeagueTest" time="0.199"/>
  <testcase name="givenIPLRunsCensusCSVFile_ReturnsCorrectRecords" classname="CricketLeagueTest" time="0.111"/>
  <testcase name="givingIPLWicketsCSVFile_WhenSortOnWicketsWithAverage_ShouldReturnSortedResult" classname="CricketLeagueTest" time="0.138"/>
  <testcase name="givingIPLWicketsCSVFile_WhenSortOnSRWithWickets_ShouldReturnSortedResult" classname="CricketLeagueTest" time="0.12"/>
  <testcase name="givingIPLCSVFiles_WhenSortOnAllRounderRunsAndWickets_ShouldReturnSortedResult" classname="CricketLeagueTest" time="0.233"/>
  <system-out><![CDATA[]]></system-out>
  <system-err><![CDATA[]]></system-err>
</testsuite>
