<?xml version="1.0" encoding="UTF-8"?>
<testsuite name="CricketLeagueTest" tests="1" skipped="0" failures="0" errors="0" timestamp="2020-10-08T06:58:18" hostname="DESKTOP-JVE4C36" time="0.516">
  <properties/>
  <testcase name="givingIPLRunsCSVFile_WhenSortOnBattingAverage_ShouldReturnSortedResult" classname="CricketLeagueTest" time="0.516"/>
  <system-out><![CDATA[]]></system-out>
  <system-err><![CDATA[]]></system-err>
</testsuite>
